----- Test Case 1 -----
oprA:  0 01111111 00000000000000000000000
oprB:  0 10000000 00000000000000000000000
Result:  0 10000000 00000000000000000000000
----- Test Case 2 -----
oprA:  0 10000000 00000000000000000000000
oprB:  0 01111111 00000000000000000000000
Result:  0 10000000 00000000000000000000000
----- Test Case 3 -----
oprA:  0 10000000 00000000000000000000000
oprB:  0 10000000 10000000000000000000000
Result:  0 10000001 10000000000000000000000
----- Test Case 4 -----
oprA:  0 10000000 10000000000000000000000
oprB:  0 10000000 00000000000000000000000
Result:  0 10000001 10000000000000000000000
----- Test Case 5 -----
oprA:  0 10000000 10000000000000000000000
oprB:  0 10000000 10000000000000000000000
Result:  0 10000010 00100000000000000000000
----- Test Case 6 -----
oprA:  1 01111111 00000000000000000000000
oprB:  0 01111111 00000000000000000000000
Result:  1 01111111 00000000000000000000000
----- Test Case 7 -----
oprA:  1 01111111 00000000000000000000000
oprB:  0 10000000 00000000000000000000000
Result:  1 10000000 00000000000000000000000
----- Test Case 8 -----
oprA:  0 10000000 00000000000000000000000
oprB:  1 01111111 00000000000000000000000
Result:  1 10000000 00000000000000000000000
----- Test Case 9 -----
oprA:  1 10000000 00000000000000000000000
oprB:  0 10000000 10000000000000000000000
Result:  1 10000001 10000000000000000000000
----- Test Case 10 -----
oprA:  0 10000000 10000000000000000000000
oprB:  1 10000000 00000000000000000000000
Result:  1 10000001 10000000000000000000000
----- Test Case 11 -----
oprA:  1 10000000 10000000000000000000000
oprB:  0 10000000 10000000000000000000000
Result:  1 10000010 00100000000000000000000
----- Test Case 12 -----
oprA:  1 01111111 00000000000000000000000
oprB:  1 01111111 00000000000000000000000
Result:  0 01111111 00000000000000000000000
----- Test Case 13 -----
oprA:  1 01111111 00000000000000000000000
oprB:  1 10000000 00000000000000000000000
Result:  0 10000000 00000000000000000000000
----- Test Case 14 -----
oprA:  1 10000000 00000000000000000000000
oprB:  1 01111111 00000000000000000000000
Result:  0 10000000 00000000000000000000000
----- Test Case 15 -----
oprA:  1 10000000 00000000000000000000000
oprB:  1 10000000 10000000000000000000000
Result:  0 10000001 10000000000000000000000
----- Test Case 16 -----
oprA:  1 10000000 10000000000000000000000
oprB:  1 10000000 00000000000000000000000
Result:  0 10000001 10000000000000000000000
----- Test Case 17 -----
oprA:  1 10000000 10000000000000000000000
oprB:  1 10000000 10000000000000000000000
Result:  0 10000010 00100000000000000000000
----- Test Case 18 -----
oprA:  0 10000000 00000000000000000000000
oprB:  0 11111101 00000000000000000000000
Result:  0 11111110 00000000000000000000000
----- Test Case 19 -----
oprA:  1 10000000 00000000000000000000000
oprB:  0 11111100 11111111111111111111111
Result:  1 11111101 11111111111111111111111
----- Test Case 20 -----
oprA:  0 10000000 00000000000000000000000
oprB:  1 11111100 11111111111111111111101
Result:  1 11111101 11111111111111111111101
----- Test Case 21 -----
oprA:  0 10000000 00000000000000000000000
oprB:  0 11111101 11111111111111111111111
Result:  0 11111110 11111111111111111111111
----- Test Case 22 -----
oprA:  1 10000000 00000000000000000000000
oprB:  0 11111101 00000000000000000000001
Result:  1 11111110 00000000000000000000001
----- Test Case 23 -----
oprA:  0 10000000 00000000000000000000000
oprB:  1 11111101 00000000000000000000011
Result:  1 11111110 00000000000000000000011
----- Test Case 24 -----
oprA:  0 10000001 00000000000000000000000
oprB:  0 11111100 11111111111111111111111
Result:  0 11111110 11111111111111111111111
----- Test Case 25 -----
oprA:  1 10000001 00000000000000000000000
oprB:  0 11111100 11111111111111111111111
Result:  1 11111110 11111111111111111111111
----- Test Case 26 -----
oprA:  0 10000001 00000000000000000000000
oprB:  1 11111100 11111111111111111111111
Result:  1 11111110 11111111111111111111111
----- Test Case 27 -----
oprA:  1 10000001 00000000000000000000000
oprB:  1 11111100 11111111111111111111111
Result:  0 11111110 11111111111111111111111
----- Test Case 28 -----
oprA:  0 10000000 00000000000000000000000
oprB:  0 00000001 00000000000000000000000
Result:  0 00000010 00000000000000000000000
----- Test Case 29 -----
oprA:  1 10000000 00000000000000000000000
oprB:  0 00000001 00000000000000000000001
Result:  1 00000010 00000000000000000000001
----- Test Case 30 -----
oprA:  0 10000000 00000000000000000000000
oprB:  1 00000001 00000000000000000000011
Result:  1 00000010 00000000000000000000011
----- Test Case 31 -----
oprA:  1 10000000 00000000000000000000000
oprB:  0 00000001 00000000000000000001001
Result:  1 00000010 00000000000000000001001
----- Test Case 32 -----
oprA:  0 10000000 00000000000000000000000
oprB:  1 00000001 00000000000000000000101
Result:  1 00000010 00000000000000000000101
----- Test Case 33 -----
oprA:  0 10000000 00000000000000000000000
oprB:  0 00000001 00000000000000000000001
Result:  0 00000010 00000000000000000000001
----- Test Case 34 -----
oprA:  1 10000000 00000000000000000000000
oprB:  0 00000001 00000000000000000000101
Result:  1 00000010 00000000000000000000101
----- Test Case 35 -----
oprA:  0 01111111 00000000000000000000000
oprB:  0 00000010 00000000000000000000011
Result:  0 00000010 00000000000000000000011
----- Test Case 36 -----
oprA:  1 01111111 00000000000000000000000
oprB:  0 00000001 00000000000000000001001
Result:  1 00000001 00000000000000000001001
----- Test Case 37 -----
oprA:  0 01111111 00000000000000000000000
oprB:  1 00000001 11111111111111111111110
Result:  1 00000001 11111111111111111111110
----- Test Case 38 -----
oprA:  1 01111111 00000000000000000000000
oprB:  1 00000001 00000000000000000000001
Result:  0 00000001 00000000000000000000001
----- Test Case 39 -----
oprA:  0 10001100 00000000000000000000000
oprB:  0 10011101 00000000000000000000000
Result:  0 10101010 00000000000000000000000
----- Test Case 40 -----
oprA:  0 10001010 00000000000000000000000
oprB:  0 10011110 00000000000000000000000
Result:  0 10101001 00000000000000000000000
----- Test Case 41 -----
oprA:  0 10001011 00000000000000000000000
oprB:  0 10111101 00000000000000000000000
Result:  0 11001001 00000000000000000000000
----- Test Case 42 -----
oprA:  0 10000001 00000000000000000000000
oprB:  0 10111011 00000000000000000000000
Result:  0 10111101 00000000000000000000000
----- Test Case 43 -----
oprA:  0 10000000 00000000000000000000000
oprB:  0 10111100 00000000000000000000000
Result:  0 10111101 00000000000000000000000
----- Test Case 44 -----
oprA:  1 10001010 00000000000000000000000
oprB:  1 10011111 00000000000000000000000
Result:  0 10101010 00000000000000000000000
----- Test Case 45 -----
oprA:  1 10001010 00000000000000000000000
oprB:  0 10011110 00000000000000000000000
Result:  1 10101001 00000000000000000000000
----- Test Case 46 -----
oprA:  1 10001010 00000000000000000000000
oprB:  1 10011110 00000000000000000000000
Result:  0 10101001 00000000000000000000000
----- Test Case 47 -----
oprA:  1 10001101 00000000000000000000000
oprB:  0 10100100 00000000000000000000000
Result:  1 10110010 00000000000000000000000
----- Test Case 48 -----
oprA:  0 10001101 00000000000000000000000
oprB:  1 10010110 00000000000000000000000
Result:  1 10100100 00000000000000000000000
----- Test Case 49 -----
oprA:  1 10000001 00000000000000000000000
oprB:  0 10111100 00000000000000000000000
Result:  1 10111110 00000000000000000000000
----- Test Case 50 -----
oprA:  0 10001011 00000000000000000000000
oprB:  1 10000000 00000000000000000000000
Result:  1 10001100 00000000000000000000000
----- Test Case 51 -----
oprA:  0 10001011 00000000000000000000000
oprB:  1 10111100 00000000000000000000000
Result:  1 11001000 00000000000000000000000
----- Test Case 52 -----
oprA:  1 10001010 00000000000000000000000
oprB:  1 10000000 00000000000000000000000
Result:  0 10001011 00000000000000000000000
----- Test Case 53 -----
oprA:  1 10000000 00000000000000000000000
oprB:  1 10111100 00000000000000000000000
Result:  0 10111101 00000000000000000000000
----- Test Case 54 -----
oprA:  1 10000000 00000000000000000000000
oprB:  0 10111100 00000000000000000000000
Result:  1 10111101 00000000000000000000000
----- Test Case 55 -----
oprA:  0 10000000 00000000000000000000000
oprB:  0 10001101 00000000000000000000000
Result:  0 10001110 00000000000000000000000
----- Test Case 56 -----
oprA:  0 10001101 00000000000000000000000
oprB:  0 10000000 00000000000000000000000
Result:  0 10001110 00000000000000000000000
----- Test Case 57 -----
oprA:  1 10000000 00000000000000000000000
oprB:  0 10001101 00000000000000000000000
Result:  1 10001110 00000000000000000000000
----- Test Case 58 -----
oprA:  1 10001101 00000000000000000000000
oprB:  1 10000000 00000000000000000000000
Result:  0 10001110 00000000000000000000000
----- Test Case 59 -----
oprA:  0 11111101 00000000000000000000000
oprB:  1 10000000 00000000000000000000000
Result:  1 11111110 00000000000000000000000
----- Test Case 60 -----
oprA:  0 11111101 11111111111111111111111
oprB:  1 10000000 00000000000000000000000
Result:  1 11111110 11111111111111111111111
----- Test Case 61 -----
oprA:  0 11111100 11111111111111111111101
oprB:  0 10000001 00000000000000000000000
Result:  0 11111110 11111111111111111111101
----- Test Case 62 -----
oprA:  0 11111100 11111111111111111111101
oprB:  1 10000001 00000000000000000000000
Result:  1 11111110 11111111111111111111101
----- Test Case 63 -----
oprA:  1 11111100 11111111111111111111101
oprB:  0 10000001 00000000000000000000000
Result:  1 11111110 11111111111111111111101
----- Test Case 64 -----
oprA:  1 11111100 11111111111111111111101
oprB:  1 10000001 00000000000000000000000
Result:  0 11111110 11111111111111111111101
----- Test Case 65 -----
oprA:  0 00000001 00000000000000000000000
oprB:  1 10000000 00000000000000000000000
Result:  1 00000010 00000000000000000000000
----- Test Case 66 -----
oprA:  0 00000001 00000000000000000000001
oprB:  1 10000000 00000000000000000000000
Result:  1 00000010 00000000000000000000001
----- Test Case 67 -----
oprA:  1 00000001 11111111111111111111110
oprB:  0 01111111 00000000000000000000000
Result:  1 00000001 11111111111111111111110
----- Test Case 68 -----
oprA:  1 00000001 00000000000000000000001
oprB:  1 01111111 00000000000000000000000
Result:  0 00000001 00000000000000000000001
----- Test Case 69 -----
oprA:  0 01111111 00000000000000000000001
oprB:  0 01111111 00000000000000000000001
Result:  0 01111111 00000000000000000000010
----- Test Case 70 -----
oprA:  1 01111111 00000000000000000000001
oprB:  0 01111111 00000000000000000000001
Result:  1 01111111 00000000000000000000010
----- Test Case 71 -----
oprA:  0 01111111 00000000000000000000001
oprB:  1 01111111 00000000000000000000001
Result:  1 01111111 00000000000000000000010
----- Test Case 72 -----
oprA:  1 01111111 00000000000000000000001
oprB:  1 01111111 00000000000000000000001
Result:  0 01111111 00000000000000000000010
----- Test Case 73 -----
oprA:  0 01111111 00000000000000000000010
oprB:  0 01111111 00000000000000000000001
Result:  0 01111111 00000000000000000000011
----- Test Case 74 -----
oprA:  1 01111111 00000000000000000000010
oprB:  0 01111111 00000000000000000000001
Result:  1 01111111 00000000000000000000011
----- Test Case 75 -----
oprA:  0 01111111 00000000000000000000001
oprB:  1 01111111 00000000000000000000010
Result:  1 01111111 00000000000000000000011
----- Test Case 76 -----
oprA:  1 01111111 00000000000000000000010
oprB:  1 01111111 00000000000000000000001
Result:  0 01111111 00000000000000000000011
----- Test Case 77 -----
oprA:  1 01111111 00000000000000000000001
oprB:  1 01111111 00000000000000000000010
Result:  0 01111111 00000000000000000000011
----- Test Case 78 -----
oprA:  0 10000001 01000000000000000000001
oprB:  0 01111111 00000000000000000000001
Result:  0 10000001 01000000000000000000010
----- Test Case 79 -----
oprA:  1 10000001 01000000000000000000001
oprB:  1 01111111 00000000000000000000001
Result:  0 10000001 01000000000000000000010
----- Test Case 80 -----
oprA:  0 10000000 01111111111111111111111
oprB:  0 01111110 11111111111111111111111
Result:  0 10000000 01111111111111111111110
----- Test Case 81 -----
oprA:  1 10000000 01111111111111111111111
oprB:  0 01111110 11111111111111111111111
Result:  1 10000000 01111111111111111111110
----- Test Case 82 -----
oprA:  0 10000001 00111111111111111111111
oprB:  0 01111110 11111111111111111111111
Result:  0 10000001 00111111111111111111110
----- Test Case 83 -----
oprA:  1 10000001 00111111111111111111111
oprB:  1 01111110 11111111111111111111111
Result:  0 10000001 00111111111111111111110
----- Test Case 84 -----
oprA:  0 10000001 10111111111111111111111
oprB:  0 01111110 11111111111111111111111
Result:  0 10000001 10111111111111111111110
----- Test Case 85 -----
oprA:  1 11111101 11111111111111111111111
oprB:  0 01111111 00000000000000000000001
Result:  1 11111110 00000000000000000000000
----- Test Case 86 -----
oprA:  1 01111110 11111111111111111111111
oprB:  1 11111110 11111111111111111111111
Result:  0 11111110 11111111111111111111110
----- Test Case 87 -----
oprA:  1 11111100 11111111111111111111111
oprB:  0 10000000 00000000000000000000001
Result:  1 11111110 00000000000000000000000
----- Test Case 88 -----
oprA:  1 11111100 11111111111111111111001
oprB:  1 10000000 11111111111111111111111
Result:  0 11111110 11111111111111111111000
----- Test Case 89 -----
oprA:  1 11111100 11111111111111111111001
oprB:  1 10000000 11111111111111111111111
Result:  0 11111110 11111111111111111111000
All test cases finished!
