xmelab(64): 17.04-s014: (c) Copyright 1995-2017 Cadence Design Systems, Inc.
TOOL:	xmelab(64)	17.04-s014: Started on Nov 22, 2019 at 11:43:33 PST
ncelab
    -ACCESS +rwc
    -NCFATAL
    INVSUP
    -NCFATAL
    CUNOTB
    -ERRORMAX 5
    -UPDATE
    -MESSAGES
    -TIMESCALE 1ns/10ps
    -LIBVERBOSE
    work.PISO_tb_syn

xmelab: *W,OPDEPRREN: Command Line Option (NCFATAL) is deprecated. Use (XMFATAL) instead.
xmelab: *W,OPDEPRREN: Command Line Option (NCFATAL) is deprecated. Use (XMFATAL) instead.
xmelab: *W,NCEXDEP: Executable (ncelab) is deprecated. Use (xmelab) instead.
	Elaborating the design hierarchy:
Resolving design unit 'PISO' at 'PISO_tb_syn.freq1'.
		Caching library 'work' ....... Done
	library: 'work' views: 'module' -> found
Resolved design unit 'PISO' at 'PISO_tb_syn.freq1' to 'work.PISO:module'.
	Reading SDF file from location "./netlist/PISO.sdf"
	Writing compiled SDF file to "PISO.sdf.X".
	Annotating SDF timing data:
		Compiled SDF file:     PISO.sdf.X
		Log file:              sdf.log
		Backannotation scope:  PISO_tb_syn.freq1
		Configuration file:    
		MTM control:           MAXIMUM
		Scale factors:         1:1:1
		Scale type:            FROM_MAXIMUM
xmelab: *W,SDFINF: Instance U36 not found at scope level <top-level> <./netlist/PISO.sdf, line 81>.
xmelab: *W,SDFINF: Instance temp_reg_0_ not found at scope level <top-level> <./netlist/PISO.sdf, line 68>.
xmelab: *W,SDFINF: Instance U35 not found at scope level <top-level> <./netlist/PISO.sdf, line 65>.
xmelab: *W,SDFINF: Instance U34 not found at scope level <top-level> <./netlist/PISO.sdf, line 22>.
xmelab: *W,SDFINF: Instance U26 not found at scope level <top-level> <./netlist/PISO.sdf, line 30>.
xmelab: *W,SDFINF: Instance U33 not found at scope level <top-level> <./netlist/PISO.sdf, line 79>.
xmelab: *W,SDFINF: Instance U25 not found at scope level <top-level> <./netlist/PISO.sdf, line 31>.
xmelab: *W,SDFINF: Instance U32 not found at scope level <top-level> <./netlist/PISO.sdf, line 77>.
xmelab: *W,SDFINF: Instance U24 not found at scope level <top-level> <./netlist/PISO.sdf, line 32>.
xmelab: *W,SDFINF: Instance U31 not found at scope level <top-level> <./netlist/PISO.sdf, line 75>.
xmelab: *W,SDFINF: Instance U23 not found at scope level <top-level> <./netlist/PISO.sdf, line 33>.
xmelab: *W,SDFINF: Instance U30 not found at scope level <top-level> <./netlist/PISO.sdf, line 73>.
xmelab: *W,SDFINF: Instance U22 not found at scope level <top-level> <./netlist/PISO.sdf, line 34>.
xmelab: *W,SDFINF: Instance U29 not found at scope level <top-level> <./netlist/PISO.sdf, line 71>.
xmelab: *W,SDFINF: Instance U21 not found at scope level <top-level> <./netlist/PISO.sdf, line 35>.
xmelab: *W,SDFINF: Instance U28 not found at scope level <top-level> <./netlist/PISO.sdf, line 69>.
xmelab: *W,SDFINF: Instance U20 not found at scope level <top-level> <./netlist/PISO.sdf, line 36>.
xmelab: *W,SDFINF: Instance U27 not found at scope level <top-level> <./netlist/PISO.sdf, line 67>.
xmelab: *W,SDFINF: Instance U13 not found at scope level <top-level> <./netlist/PISO.sdf, line 64>.
xmelab: *W,SDFINF: Instance U14 not found at scope level <top-level> <./netlist/PISO.sdf, line 60>.
xmelab: *W,SDFINF: Instance U15 not found at scope level <top-level> <./netlist/PISO.sdf, line 56>.
xmelab: *W,SDFINF: Instance U16 not found at scope level <top-level> <./netlist/PISO.sdf, line 52>.
xmelab: *W,SDFINF: Instance U17 not found at scope level <top-level> <./netlist/PISO.sdf, line 48>.
xmelab: *W,SDFINF: Instance U18 not found at scope level <top-level> <./netlist/PISO.sdf, line 44>.
xmelab: *W,SDFINF: Instance U19 not found at scope level <top-level> <./netlist/PISO.sdf, line 40>.
xmelab: *W,SDFINF: Instance temp_reg_1_ not found at scope level <top-level> <./netlist/PISO.sdf, line 70>.
xmelab: *W,SDFINF: Instance temp_reg_2_ not found at scope level <top-level> <./netlist/PISO.sdf, line 72>.
xmelab: *W,SDFINF: Instance temp_reg_3_ not found at scope level <top-level> <./netlist/PISO.sdf, line 74>.
xmelab: *W,SDFINF: Instance temp_reg_4_ not found at scope level <top-level> <./netlist/PISO.sdf, line 76>.
xmelab: *W,SDFINF: Instance temp_reg_5_ not found at scope level <top-level> <./netlist/PISO.sdf, line 78>.
xmelab: *W,SDFINF: Instance temp_reg_6_ not found at scope level <top-level> <./netlist/PISO.sdf, line 80>.
xmelab: *W,SDFINF: Instance temp_reg_7_ not found at scope level <top-level> <./netlist/PISO.sdf, line 82>.
xmelab: *W,SDFINF: Instance q_reg not found at scope level <top-level> <./netlist/PISO.sdf, line 66>.
xmelab: *W,SDFINF: Instance U36 not found at scope level <top-level> <./netlist/PISO.sdf, line 88>.
xmelab: *W,SDFINF: Instance U35 not found at scope level <top-level> <./netlist/PISO.sdf, line 98>.
xmelab: *W,SDFINF: Instance U34 not found at scope level <top-level> <./netlist/PISO.sdf, line 108>.
xmelab: *W,SDFINF: Instance U33 not found at scope level <top-level> <./netlist/PISO.sdf, line 117>.
xmelab: *W,SDFINF: Instance U32 not found at scope level <top-level> <./netlist/PISO.sdf, line 126>.
xmelab: *W,SDFINF: Instance U31 not found at scope level <top-level> <./netlist/PISO.sdf, line 135>.
xmelab: *W,SDFINF: Instance U30 not found at scope level <top-level> <./netlist/PISO.sdf, line 144>.
xmelab: *W,SDFINF: Instance U29 not found at scope level <top-level> <./netlist/PISO.sdf, line 153>.
xmelab: *W,SDFINF: Instance U28 not found at scope level <top-level> <./netlist/PISO.sdf, line 162>.
xmelab: *W,SDFINF: Instance U27 not found at scope level <top-level> <./netlist/PISO.sdf, line 171>.
xmelab: *W,SDFINF: Instance U26 not found at scope level <top-level> <./netlist/PISO.sdf, line 180>.
xmelab: *W,SDFINF: Instance U25 not found at scope level <top-level> <./netlist/PISO.sdf, line 189>.
xmelab: *W,SDFINF: Instance U24 not found at scope level <top-level> <./netlist/PISO.sdf, line 198>.
xmelab: *W,SDFINF: Instance U23 not found at scope level <top-level> <./netlist/PISO.sdf, line 207>.
xmelab: *W,SDFINF: Instance U22 not found at scope level <top-level> <./netlist/PISO.sdf, line 216>.
xmelab: *W,SDFINF: Instance U21 not found at scope level <top-level> <./netlist/PISO.sdf, line 225>.
xmelab: *W,SDFINF: Instance U20 not found at scope level <top-level> <./netlist/PISO.sdf, line 234>.
xmelab: *W,SDFINF: Instance U19 not found at scope level <top-level> <./netlist/PISO.sdf, line 243>.
xmelab: *W,SDFINF: Instance U18 not found at scope level <top-level> <./netlist/PISO.sdf, line 255>.
xmelab: *W,SDFINF: Instance U17 not found at scope level <top-level> <./netlist/PISO.sdf, line 267>.
xmelab: *W,SDFINF: Instance U16 not found at scope level <top-level> <./netlist/PISO.sdf, line 279>.
xmelab: *W,SDFINF: Instance U15 not found at scope level <top-level> <./netlist/PISO.sdf, line 291>.
xmelab: *W,SDFINF: Instance U14 not found at scope level <top-level> <./netlist/PISO.sdf, line 303>.
xmelab: *W,SDFINF: Instance U13 not found at scope level <top-level> <./netlist/PISO.sdf, line 315>.
xmelab: *W,SDFINF: Instance q_reg not found at scope level <top-level> <./netlist/PISO.sdf, line 327>.
xmelab: *W,SDFINF: Instance temp_reg_0_ not found at scope level <top-level> <./netlist/PISO.sdf, line 344>.
xmelab: *W,SDFINF: Instance temp_reg_1_ not found at scope level <top-level> <./netlist/PISO.sdf, line 361>.
xmelab: *W,SDFINF: Instance temp_reg_2_ not found at scope level <top-level> <./netlist/PISO.sdf, line 378>.
xmelab: *W,SDFINF: Instance temp_reg_3_ not found at scope level <top-level> <./netlist/PISO.sdf, line 395>.
xmelab: *W,SDFINF: Instance temp_reg_4_ not found at scope level <top-level> <./netlist/PISO.sdf, line 412>.
xmelab: *W,SDFINF: Instance temp_reg_5_ not found at scope level <top-level> <./netlist/PISO.sdf, line 429>.
xmelab: *W,SDFINF: Instance temp_reg_6_ not found at scope level <top-level> <./netlist/PISO.sdf, line 446>.
xmelab: *W,SDFINF: Instance temp_reg_7_ not found at scope level <top-level> <./netlist/PISO.sdf, line 463>.
	Annotation completed with 0 Errors and 66 Warnings
	Building instance overlay tables: .................... Done
	Generating native compiled code:
		work.PISO:module <0x6224507a>
			streams:   3, words:   869
		work.PISO_tb_syn:module <0x75368bd1>
			streams:   7, words:  2768
	Building instance specific data structures.
	Loading native compiled code:     .................... Done
	Design hierarchy summary:
		                 Instances  Unique
		Modules:                 2       2
		Registers:               5       5
		Scalar wires:            3       -
		Vectored wires:          1       -
		Always blocks:           2       2
		Initial blocks:          2       2
		Pseudo assignments:      3       3
		Simulation timescale:  1ps
	Writing initial simulation snapshot: work.PISO_tb_syn:module
TOOL:	xmelab(64)	17.04-s014: Exiting on Nov 22, 2019 at 11:43:33 PST  (total: 00:00:00)
